Android Studio/app/build/outputs/logs/manifest-merger-debug-report.txt
-- Merging decision tree log ---
manifest
ADDED from src/main/AndroidManifest.xml:1:1-173:12
	package
		ADDED from src/main/AndroidManifest.xml:2:5-45
		INJECTED from src/main/AndroidManifest.xml
		INJECTED from src/main/AndroidManifest.xml
	android:versionName
		ADDED from src/main/AndroidManifest.xml:4:5-30
		INJECTED from src/main/AndroidManifest.xml
		INJECTED from src/main/AndroidManifest.xml
	android:versionCode
		ADDED from src/main/AndroidManifest.xml:3:5-28
		INJECTED from src/main/AndroidManifest.xml
		INJECTED from src/main/AndroidManifest.xml
	xmlns:android
		ADDED from src/main/AndroidManifest.xml:1:11-69
uses-sdk
ADDED from src/main/AndroidManifest.xml:6:5-8:41
MERGED from [com.android.support:appcompat-v7:23.2.1] AndroidManifest.xml:21:5-23:78
MERGED from [com.android.support:support-v4:23.2.1] AndroidManifest.xml:20:5-43
MERGED from [com.android.support:animated-vector-drawable:23.2.1] AndroidManifest.xml:5:5-44
MERGED from [com.android.support:support-vector-drawable:23.2.1] AndroidManifest.xml:5:5-43
MERGED from [com.android.support:recyclerview-v7:23.2.1] AndroidManifest.xml:20:5-43
	tools:overrideLibrary
		ADDED from [com.android.support:appcompat-v7:23.2.1] AndroidManifest.xml:23:9-75
	android:targetSdkVersion
		ADDED from src/main/AndroidManifest.xml:8:9-38
		INJECTED from src/main/AndroidManifest.xml
		INJECTED from src/main/AndroidManifest.xml
	android:minSdkVersion
		ADDED from src/main/AndroidManifest.xml:7:9-34
		INJECTED from src/main/AndroidManifest.xml
		INJECTED from src/main/AndroidManifest.xml
uses-permission#android.permission.READ_LOGS
ADDED from src/main/AndroidManifest.xml:10:5-68
	android:name
		ADDED from src/main/AndroidManifest.xml:10:22-65
uses-permission#android.permission.WAKE_LOCK
ADDED from src/main/AndroidManifest.xml:11:5-68
	android:name
		ADDED from src/main/AndroidManifest.xml:11:22-65
uses-permission#android.permission.CAMERA
ADDED from src/main/AndroidManifest.xml:12:5-13:23
	android:name
		ADDED from src/main/AndroidManifest.xml:12:22-62
uses-feature#android.hardware.camera
ADDED from src/main/AndroidManifest.xml:15:5-60
	android:name
		ADDED from src/main/AndroidManifest.xml:15:19-57
uses-feature#android.hardware.camera.autofocus
ADDED from src/main/AndroidManifest.xml:16:5-70
	android:name
		ADDED from src/main/AndroidManifest.xml:16:19-67
uses-permission#android.permission.FLASHLIGHT
ADDED from src/main/AndroidManifest.xml:18:5-19:23
	android:name
		ADDED from src/main/AndroidManifest.xml:18:22-66
uses-permission#android.permission.VIBRATE
ADDED from src/main/AndroidManifest.xml:20:5-21:23
	android:name
		ADDED from src/main/AndroidManifest.xml:20:22-63
uses-permission#android.permission.INTERNET
ADDED from src/main/AndroidManifest.xml:22:5-23:23
	android:name
		ADDED from src/main/AndroidManifest.xml:22:22-64
uses-permission#android.permission.READ_PHONE_STATE
ADDED from src/main/AndroidManifest.xml:24:5-25:23
	android:name
		ADDED from src/main/AndroidManifest.xml:24:22-72
uses-permission#android.permission.WRITE_EXTERNAL_STORAGE
ADDED from src/main/AndroidManifest.xml:26:5-27:23
	android:name
		ADDED from src/main/AndroidManifest.xml:26:22-78
uses-permission#android.permission.ACCESS_NETWORK_STATE
ADDED from src/main/AndroidManifest.xml:30:5-79
	android:name
		ADDED from src/main/AndroidManifest.xml:30:22-76
uses-permission#com.google.android.providers.gsf.permission.READ_GSERVICES
ADDED from src/main/AndroidManifest.xml:32:5-98
	android:name
		ADDED from src/main/AndroidManifest.xml:32:22-95
uses-permission#android.permission.CALL_PHONE
ADDED from src/main/AndroidManifest.xml:34:5-69
	android:name
		ADDED from src/main/AndroidManifest.xml:34:22-66
uses-permission#android.permission.RECORD_AUDIO
ADDED from src/main/AndroidManifest.xml:39:5-71
	android:name
		ADDED from src/main/AndroidManifest.xml:39:22-68
uses-permission#android.permission.ACCESS_FINE_LOCATION
ADDED from src/main/AndroidManifest.xml:40:5-79
	android:name
		ADDED from src/main/AndroidManifest.xml:40:22-76
uses-permission#android.permission.READ_EXTERNAL_STORAGE
ADDED from src/main/AndroidManifest.xml:41:5-80
	android:name
		ADDED from src/main/AndroidManifest.xml:41:22-77
application
ADDED from src/main/AndroidManifest.xml:43:5-169:19
MERGED from [com.android.support:appcompat-v7:23.2.1] AndroidManifest.xml:25:5-20
MERGED from [com.android.support:support-v4:23.2.1] AndroidManifest.xml:22:5-20
MERGED from [com.android.support:animated-vector-drawable:23.2.1] AndroidManifest.xml:7:5-20
MERGED from [com.android.support:support-vector-drawable:23.2.1] AndroidManifest.xml:7:5-20
	android:label
		ADDED from src/main/AndroidManifest.xml:46:9-41
	android:allowBackup
		ADDED from src/main/AndroidManifest.xml:44:9-35
	android:icon
		ADDED from src/main/AndroidManifest.xml:45:9-45
	android:theme
		ADDED from src/main/AndroidManifest.xml:47:9-65
activity#com.clouiotech.pda.demo.Activity.MainActivity
ADDED from src/main/AndroidManifest.xml:50:9-55:20
	android:name
		ADDED from src/main/AndroidManifest.xml:50:19-79
intent-filter#android.intent.action.MAIN+android.intent.category.LAUNCHER
ADDED from src/main/AndroidManifest.xml:51:13-54:29
action#android.intent.action.MAIN
ADDED from src/main/AndroidManifest.xml:52:17-68
	android:name
		ADDED from src/main/AndroidManifest.xml:52:25-66
category#android.intent.category.LAUNCHER
ADDED from src/main/AndroidManifest.xml:53:17-76
	android:name
		ADDED from src/main/AndroidManifest.xml:53:27-74
activity#com.clouiotech.pda.demo.Activity.RecyclerViewActivity
ADDED from src/main/AndroidManifest.xml:57:9-59:20
	android:name
		ADDED from src/main/AndroidManifest.xml:57:19-87
activity#com.clouiotech.pda.demo.Activity.AdminMainActivity
ADDED from src/main/AndroidManifest.xml:61:9-96
	android:name
		ADDED from src/main/AndroidManifest.xml:61:19-84
activity#com.clouiotech.pda.demo.uhf.UHFMain
ADDED from src/main/AndroidManifest.xml:63:9-73:20
	android:name
		ADDED from src/main/AndroidManifest.xml:63:19-69
activity#com.clouiotech.pda.demo.ItemMainActivity
ADDED from src/main/AndroidManifest.xml:75:9-81:20
	android:name
		ADDED from src/main/AndroidManifest.xml:75:19-74
activity#com.clouiotech.pda.demo.uhf.ReadEPCActivity
ADDED from src/main/AndroidManifest.xml:82:9-83:20
	android:name
		ADDED from src/main/AndroidManifest.xml:82:19-77
activity#com.clouiotech.pda.demo.uhf.StokOpnameActivity
ADDED from src/main/AndroidManifest.xml:84:9-86:20
	android:name
		ADDED from src/main/AndroidManifest.xml:85:13-74
activity#com.clouiotech.pda.demo.uhf.StokReadEPCActivity
ADDED from src/main/AndroidManifest.xml:87:9-89:20
	android:name
		ADDED from src/main/AndroidManifest.xml:88:13-75
activity#com.clouiotech.pda.demo.uhf.DownloadActivity
ADDED from src/main/AndroidManifest.xml:90:9-92:20
	android:name
		ADDED from src/main/AndroidManifest.xml:91:13-72
activity#com.clouiotech.pda.demo.uhf.DetailHistoryActivity
ADDED from src/main/AndroidManifest.xml:93:9-86
	android:name
		ADDED from src/main/AndroidManifest.xml:93:19-83
activity#com.clouiotech.pda.demo.uhf.HistoryActivity
ADDED from src/main/AndroidManifest.xml:94:9-89
	android:name
		ADDED from src/main/AndroidManifest.xml:94:19-77
activity#com.clouiotech.pda.demo.uhf.WriteEPCActivity
ADDED from src/main/AndroidManifest.xml:96:9-97:20
	android:name
		ADDED from src/main/AndroidManifest.xml:96:19-78
activity#com.clouiotech.pda.demo.uhf.LockEPCActivity
ADDED from src/main/AndroidManifest.xml:98:9-99:20
	android:name
		ADDED from src/main/AndroidManifest.xml:98:19-77
activity#com.clouiotech.pda.demo.uhf.ConfigActivity
ADDED from src/main/AndroidManifest.xml:100:9-110:20
	android:name
		ADDED from src/main/AndroidManifest.xml:100:19-76
activity#com.clouiotech.pda.demo.hf.HFMain
ADDED from src/main/AndroidManifest.xml:111:9-122:20
	android:name
		ADDED from src/main/AndroidManifest.xml:111:19-67
activity#com.clouiotech.pda.demo.hf.ReadISO15693Activity
ADDED from src/main/AndroidManifest.xml:123:9-124:20
	android:name
		ADDED from src/main/AndroidManifest.xml:123:19-81
activity#com.clouiotech.pda.demo.hf.ReadISO14443Activity
ADDED from src/main/AndroidManifest.xml:125:9-126:20
	android:name
		ADDED from src/main/AndroidManifest.xml:125:19-81
activity#com.clouiotech.pda.demo.hf.ReadMifareActivity
ADDED from src/main/AndroidManifest.xml:127:9-128:20
	android:name
		ADDED from src/main/AndroidManifest.xml:127:19-79
activity#com.clouiotech.pda.demo.UpdateBase
ADDED from src/main/AndroidManifest.xml:129:9-130:20
	android:name
		ADDED from src/main/AndroidManifest.xml:129:19-68
activity#com.clouiotech.pda.demo.Test_PowerUpDownActivity
ADDED from src/main/AndroidManifest.xml:131:9-142:20
	android:name
		ADDED from src/main/AndroidManifest.xml:131:19-82
activity#com.clouiotech.pda.demo.scanner.ScannerActivity
ADDED from src/main/AndroidManifest.xml:143:9-154:20
	android:name
		ADDED from src/main/AndroidManifest.xml:143:19-81
activity#com.clouiotech.pda.demo.psam.PsamTestActivity
ADDED from src/main/AndroidManifest.xml:155:9-156:20
	android:name
		ADDED from src/main/AndroidManifest.xml:155:19-79
activity#com.clouiotech.pda.demo.scanner.SDLguiActivity
ADDED from src/main/AndroidManifest.xml:157:9-158:20
	android:name
		ADDED from src/main/AndroidManifest.xml:157:19-80
activity#com.clouiotech.pda.demo.uhf.ReadEPCmatchingActivity
ADDED from src/main/AndroidManifest.xml:159:9-160:20
	android:name
		ADDED from src/main/AndroidManifest.xml:159:19-85
activity#com.clouiotech.pda.demo.dlt.Free433Sendctivity
ADDED from src/main/AndroidManifest.xml:161:9-162:20
	android:name
		ADDED from src/main/AndroidManifest.xml:161:19-80
activity#com.clouiotech.pda.demo.dlt.MenuActivity
ADDED from src/main/AndroidManifest.xml:163:9-164:20
	android:name
		ADDED from src/main/AndroidManifest.xml:163:19-74
activity#com.clouiotech.pda.demo.dlt.MeterReadActivity
ADDED from src/main/AndroidManifest.xml:165:9-166:20
	android:name
		ADDED from src/main/AndroidManifest.xml:165:19-79
activity#com.clouiotech.pda.demo.dlt.MeterSettingActivity
ADDED from src/main/AndroidManifest.xml:167:9-168:20
	android:name
		ADDED from src/main/AndroidManifest.xml:167:19-82